<?xml version="1.0" encoding="UTF-8"?>
<beans xmlns="http://www.springframework.org/schema/beans"
       xmlns:xsi="http://www.w3.org/2001/XMLSchema-instance"
       xmlns:bean="http://www.springframework.org/schema/util"
       xmlns:context="http://www.springframework.org/schema/context"
       xmlns:jpa="http://www.springframework.org/schema/data/jpa"
       xsi:schemaLocation="http://www.springframework.org/schema/beans http://www.springframework.org/schema/beans/spring-beans.xsd       http://www.springframework.org/schema/util http://www.springframework.org/schema/util/spring-util.xsd http://www.springframework.org/schema/context http://www.springframework.org/schema/context/spring-context.xsd http://www.springframework.org/schema/data/jpa http://www.springframework.org/schema/data/jpa/spring-jpa.xsd">

    <import resource="classpath*:META-INF/spring/configuration-root-context.xml"/>

    <context:component-scan base-package="com.sevenklick.common">
        <context:exclude-filter type="regex" expression="com.sevenklick.common.backend.repository.*"/>
        <context:exclude-filter type="regex" expression="com.sevenklick.common.util.web.*"/>
    </context:component-scan>
    <jpa:repositories base-package="com.sevenklick.common.backend.repository"/>
    <jpa:repositories base-package="com.sevenklick.common.configuration.security.repository"/>

</beans>
